[19:31:05] [main/INFO]: Logging in with username & password
[19:31:11] [Client thread/INFO]: Setting user: zlandorf
[19:31:15] [Client thread/INFO]: LWJGL Version: 2.9.1
[19:31:21] [Client thread/INFO]: Reloading ResourceManager: Default, FMLFileResourcePack:Forge Mod Loader, FMLFileResourcePack:Minecraft Forge, FMLFileResourcePack:Wakcraft
[19:31:22] [Client thread/ERROR]: Couldn't initialize twitch stream
[19:31:22] [Sound Library Loader/INFO]: Starting up SoundSystem...
[19:31:22] [Thread-8/INFO]: Initializing LWJGL OpenAL
[19:31:22] [Thread-8/INFO]: (The LWJGL binding of OpenAL.  For more information, see http://www.lwjgl.org)
[19:31:22] [Thread-8/INFO]: OpenAL initialized.
[19:31:23] [Sound Library Loader/INFO]: Sound engine started
[19:31:25] [Client thread/INFO]: Created: 16x16 textures-atlas
[19:31:27] [Client thread/INFO]: Reloading ResourceManager: Default, FMLFileResourcePack:Forge Mod Loader, FMLFileResourcePack:Minecraft Forge, FMLFileResourcePack:Wakcraft
[19:31:28] [Client thread/INFO]: SoundSystem shutting down...
[19:31:28] [Client thread/WARN]: Author: Paul Lamb, www.paulscode.com
[19:31:28] [Sound Library Loader/INFO]: Starting up SoundSystem...
[19:31:28] [Thread-10/INFO]: Initializing LWJGL OpenAL
[19:31:28] [Thread-10/INFO]: (The LWJGL binding of OpenAL.  For more information, see http://www.lwjgl.org)
[19:31:28] [Thread-10/INFO]: OpenAL initialized.
[19:31:28] [Sound Library Loader/INFO]: Sound engine started
[19:31:30] [Client thread/INFO]: Created: 512x512 textures-atlas
[19:31:34] [Server thread/INFO]: Starting integrated minecraft server version 1.8
[19:31:34] [Server thread/INFO]: Generating keypair
[19:31:34] [Server thread/INFO]: Preparing start region for level 0
[19:31:35] [Server thread/INFO]: Changing view distance to 12, from 10
[19:31:37] [Server thread/INFO]: zlandorf[local:E:4c269eb2] logged in with entity id 107 at (1011.9857251407786, 4.0, 1016.2018068907046)
[19:31:37] [Server thread/INFO]: zlandorf joined the game
[19:34:54] [Server thread/INFO]: Saving and pausing game...
[19:34:54] [Server thread/INFO]: Saving chunks for level 'Wakcraft_1'/Overworld
[19:34:54] [Server thread/INFO]: Saving chunks for level 'Wakcraft_1'/Nether
[19:34:54] [Server thread/INFO]: Saving chunks for level 'Wakcraft_1'/The End
[19:34:54] [Server thread/INFO]: Saving chunks for level 'Wakcraft_1'/WakcraftHavenBag
[19:34:56] [Server thread/INFO]: Stopping server
[19:34:56] [Server thread/INFO]: Saving players
[19:34:56] [Server thread/INFO]: Saving worlds
[19:34:56] [Server thread/INFO]: Saving chunks for level 'Wakcraft_1'/Overworld
[19:34:56] [Server thread/INFO]: Saving chunks for level 'Wakcraft_1'/Nether
[19:34:56] [Server thread/INFO]: Saving chunks for level 'Wakcraft_1'/The End
[19:34:56] [Server thread/INFO]: Saving chunks for level 'Wakcraft_1'/WakcraftHavenBag
[19:34:57] [Client thread/INFO]: Stopping!
[19:34:57] [Client thread/INFO]: SoundSystem shutting down...
[19:34:58] [Client thread/WARN]: Author: Paul Lamb, www.paulscode.com
